#
# There is insufficient memory for the Java Runtime Environment to continue.
# Native memory allocation (malloc) failed to allocate 684096 bytes for Chunk::new
# Possible reasons:
#   The system is out of physical RAM or swap space
#   The process is running with CompressedOops enabled, and the Java Heap may be blocking the growth of the native heap
# Possible solutions:
#   Reduce memory load on the system
#   Increase physical memory or swap space
#   Check if swap backing store is full
#   Decrease Java heap size (-Xmx/-Xms)
#   Decrease number of Java threads
#   Decrease Java thread stack sizes (-Xss)
#   Set larger code cache with -XX:ReservedCodeCacheSize=
#   JVM is running with Zero Based Compressed Oops mode in which the Java heap is
#     placed in the first 32GB address space. The Java Heap base address is the
#     maximum limit for the native heap growth. Please use -XX:HeapBaseMinAddress
#     to set the Java Heap base and to place the Java Heap above 32GB virtual address.
# This output file may be truncated or incomplete.
#
#  Out of Memory Error (t:/workspace/open/src/hotspot/share/memory/arena.cpp:197), pid=13488, tid=12564
#
# JRE version: OpenJDK Runtime Environment (11.0+28) (build 11+28)
# Java VM: OpenJDK 64-Bit Server VM (11+28, mixed mode, tiered, compressed oops, g1 gc, windows-amd64)
# No core dump will be written. Minidumps are not enabled by default on client versions of Windows
#

---------------  S U M M A R Y ------------

Command Line: -javaagent:C:\Program Files\JetBrains\IntelliJ IDEA 2019.3.3\lib\idea_rt.jar=9921:C:\Program Files\JetBrains\IntelliJ IDEA 2019.3.3\bin -Dfile.encoding=UTF-8 bg.baradvance.Main

Host: Intel(R) Core(TM) i5-8265U CPU @ 1.60GHz, 8 cores, 11G,  Windows 10 , 64 bit Build 18362 (10.0.18362.329)
Time: Thu Mar 26 22:34:40 2020 FLE Standard Time elapsed time: 15 seconds (0d 0h 0m 15s)

---------------  T H R E A D  ---------------

Current thread (0x00000292ba2ae800):  JavaThread "C2 CompilerThread0" daemon [_thread_in_native, id=12564, stack(0x000000e41bc00000,0x000000e41bd00000)]


Current CompileTask:
C2:  15005 1683   !   4       sun.awt.PostEventQueue::flush (168 bytes)

Stack: [0x000000e41bc00000,0x000000e41bd00000]
Native frames: (J=compiled Java code, j=interpreted, Vv=VM code, C=native code)
V  [jvm.dll+0x63adaa]
V  [jvm.dll+0x77852f]
V  [jvm.dll+0x779b18]
V  [jvm.dll+0x77a1d3]
V  [jvm.dll+0x2624c8]
V  [jvm.dll+0xc5b61]
V  [jvm.dll+0xc60fc]
V  [jvm.dll+0x2d0c84]
V  [jvm.dll+0x552d0f]
V  [jvm.dll+0x21de59]
V  [jvm.dll+0x21b3e6]
V  [jvm.dll+0x198400]
V  [jvm.dll+0x22a4ff]
V  [jvm.dll+0x228b18]
V  [jvm.dll+0x73dc3d]
V  [jvm.dll+0x639e42]
C  [ucrtbase.dll+0x20e72]
C  [KERNEL32.DLL+0x17bd4]
C  [ntdll.dll+0x6ced1]


---------------  P R O C E S S  ---------------

Threads class SMR info:
_java_thread_list=0x00000292baa0c390, length=17, elements={
0x00000292ba240000, 0x00000292ba243800, 0x00000292ba2aa800, 0x00000292ba2ad800,
0x00000292ba2ae800, 0x00000292ba2b1800, 0x00000292ba25d000, 0x00000292b99d5800,
0x00000292ba577000, 0x00000292ba577800, 0x00000292ba973800, 0x00000292ba96e000,
0x00000292ba931000, 0x00000292ba9de000, 0x0000029298786800, 0x00000292bab79000,
0x00000292bac98000
}

Java Threads: ( => current thread )
  0x00000292ba240000 JavaThread "Reference Handler" daemon [_thread_blocked, id=14020, stack(0x000000e41b800000,0x000000e41b900000)]
  0x00000292ba243800 JavaThread "Finalizer" daemon [_thread_blocked, id=1904, stack(0x000000e41b900000,0x000000e41ba00000)]
  0x00000292ba2aa800 JavaThread "Signal Dispatcher" daemon [_thread_blocked, id=7968, stack(0x000000e41ba00000,0x000000e41bb00000)]
  0x00000292ba2ad800 JavaThread "Attach Listener" daemon [_thread_blocked, id=10528, stack(0x000000e41bb00000,0x000000e41bc00000)]
=>0x00000292ba2ae800 JavaThread "C2 CompilerThread0" daemon [_thread_in_native, id=12564, stack(0x000000e41bc00000,0x000000e41bd00000)]
  0x00000292ba2b1800 JavaThread "C1 CompilerThread0" daemon [_thread_blocked, id=1584, stack(0x000000e41bd00000,0x000000e41be00000)]
  0x00000292ba25d000 JavaThread "Sweeper thread" daemon [_thread_blocked, id=8980, stack(0x000000e41be00000,0x000000e41bf00000)]
  0x00000292b99d5800 JavaThread "Common-Cleaner" daemon [_thread_blocked, id=10716, stack(0x000000e41bf00000,0x000000e41c000000)]
  0x00000292ba577000 JavaThread "Monitor Ctrl-Break" daemon [_thread_in_native, id=10688, stack(0x000000e41c100000,0x000000e41c200000)]
  0x00000292ba577800 JavaThread "Service Thread" daemon [_thread_blocked, id=8636, stack(0x000000e41c200000,0x000000e41c300000)]
  0x00000292ba973800 JavaThread "Java2D Disposer" daemon [_thread_blocked, id=9272, stack(0x000000e41c400000,0x000000e41c500000)]
  0x00000292ba96e000 JavaThread "AWT-Shutdown" [_thread_blocked, id=5264, stack(0x000000e41c500000,0x000000e41c600000)]
  0x00000292ba931000 JavaThread "AWT-Windows" daemon [_thread_in_native, id=6548, stack(0x000000e41c600000,0x000000e41c700000)]
  0x00000292ba9de000 JavaThread "AWT-EventQueue-0" [_thread_blocked, id=3096, stack(0x000000e41c700000,0x000000e41c800000)]
  0x0000029298786800 JavaThread "DestroyJavaVM" [_thread_blocked, id=10032, stack(0x000000e41b100000,0x000000e41b200000)]
  0x00000292bab79000 JavaThread "TimerQueue" daemon [_thread_blocked, id=9428, stack(0x000000e41c000000,0x000000e41c100000)]
  0x00000292bac98000 JavaThread "Image Fetcher 0" daemon [_thread_blocked, id=816, stack(0x000000e41cb00000,0x000000e41cc00000)]

Other Threads:
  0x00000292ba21b800 VMThread "VM Thread" [stack: 0x000000e41b700000,0x000000e41b800000] [id=4528]
  0x00000292ba579000 WatcherThread [stack: 0x000000e41c300000,0x000000e41c400000] [id=6336]
  0x000002929879e000 GCTaskThread "GC Thread#0" [stack: 0x000000e41b200000,0x000000e41b300000] [id=5272]
  0x00000292987e7000 ConcurrentGCThread "G1 Main Marker" [stack: 0x000000e41b300000,0x000000e41b400000] [id=10124]
  0x00000292987e8800 ConcurrentGCThread "G1 Conc#0" [stack: 0x000000e41b400000,0x000000e41b500000] [id=13544]
  0x00000292b987c800 ConcurrentGCThread "G1 Refine#0" [stack: 0x000000e41b500000,0x000000e41b600000] [id=13304]
  0x00000292b987d000 ConcurrentGCThread "G1 Young RemSet Sampling" [stack: 0x000000e41b600000,0x000000e41b700000] [id=10596]

Threads with active compile tasks:
C2 CompilerThread01683   !   4       sun.awt.PostEventQueue::flush (168 bytes)

VM state:not at safepoint (normal execution)

VM Mutex/Monitor currently owned by a thread: None

Heap address: 0x0000000742400000, size: 3036 MB, Compressed Oops mode: Zero based, Oop shift amount: 3
Narrow klass base: 0x0000000800000000, Narrow klass shift: 0
Compressed class space size: 1073741824 Address: 0x0000000800000000

Heap:
 garbage-first heap   total 194560K, used 26624K [0x0000000742400000, 0x0000000800000000)
  region size 1024K, 19 young (19456K), 0 survivors (0K)
 Metaspace       used 17475K, capacity 17921K, committed 18048K, reserved 1064960K
  class space    used 1882K, capacity 2108K, committed 2176K, reserved 1048576K
Heap Regions: E=young(eden), S=young(survivor), O=old, HS=humongous(starts), HC=humongous(continues), CS=collection set, F=free, A=archive, TAMS=top-at-mark-start (previous, next)
|   0|0x0000000742400000, 0x0000000742500000, 0x0000000742500000|100%|HS|  |TAMS 0x0000000742400000, 0x0000000742400000| Complete 
|   1|0x0000000742500000, 0x0000000742600000, 0x0000000742600000|100%|HC|  |TAMS 0x0000000742500000, 0x0000000742500000| Complete 
|   2|0x0000000742600000, 0x0000000742700000, 0x0000000742700000|100%|HC|  |TAMS 0x0000000742600000, 0x0000000742600000| Complete 
|   3|0x0000000742700000, 0x0000000742800000, 0x0000000742800000|100%|HC|  |TAMS 0x0000000742700000, 0x0000000742700000| Complete 
|   4|0x0000000742800000, 0x0000000742900000, 0x0000000742900000|100%|HS|  |TAMS 0x0000000742800000, 0x0000000742800000| Complete 
|   5|0x0000000742900000, 0x0000000742a00000, 0x0000000742a00000|100%|HC|  |TAMS 0x0000000742900000, 0x0000000742900000| Complete 
|   6|0x0000000742a00000, 0x0000000742b00000, 0x0000000742b00000|100%|HC|  |TAMS 0x0000000742a00000, 0x0000000742a00000| Complete 
|   7|0x0000000742b00000, 0x0000000742c00000, 0x0000000742c00000|100%|HC|  |TAMS 0x0000000742b00000, 0x0000000742b00000| Complete 
|   8|0x0000000742c00000, 0x0000000742c00000, 0x0000000742d00000|  0%| F|  |TAMS 0x0000000742c00000, 0x0000000742c00000| Untracked 
|   9|0x0000000742d00000, 0x0000000742d00000, 0x0000000742e00000|  0%| F|  |TAMS 0x0000000742d00000, 0x0000000742d00000| Untracked 
|  10|0x0000000742e00000, 0x0000000742e00000, 0x0000000742f00000|  0%| F|  |TAMS 0x0000000742e00000, 0x0000000742e00000| Untracked 
|  11|0x0000000742f00000, 0x0000000742f00000, 0x0000000743000000|  0%| F|  |TAMS 0x0000000742f00000, 0x0000000742f00000| Untracked 
|  12|0x0000000743000000, 0x0000000743000000, 0x0000000743100000|  0%| F|  |TAMS 0x0000000743000000, 0x0000000743000000| Untracked 
|  13|0x0000000743100000, 0x0000000743100000, 0x0000000743200000|  0%| F|  |TAMS 0x0000000743100000, 0x0000000743100000| Untracked 
|  14|0x0000000743200000, 0x0000000743200000, 0x0000000743300000|  0%| F|  |TAMS 0x0000000743200000, 0x0000000743200000| Untracked 
|  15|0x0000000743300000, 0x0000000743300000, 0x0000000743400000|  0%| F|  |TAMS 0x0000000743300000, 0x0000000743300000| Untracked 
|  16|0x0000000743400000, 0x0000000743400000, 0x0000000743500000|  0%| F|  |TAMS 0x0000000743400000, 0x0000000743400000| Untracked 
|  17|0x0000000743500000, 0x0000000743500000, 0x0000000743600000|  0%| F|  |TAMS 0x0000000743500000, 0x0000000743500000| Untracked 
|  18|0x0000000743600000, 0x0000000743600000, 0x0000000743700000|  0%| F|  |TAMS 0x0000000743600000, 0x0000000743600000| Untracked 
|  19|0x0000000743700000, 0x0000000743700000, 0x0000000743800000|  0%| F|  |TAMS 0x0000000743700000, 0x0000000743700000| Untracked 
|  20|0x0000000743800000, 0x0000000743800000, 0x0000000743900000|  0%| F|  |TAMS 0x0000000743800000, 0x0000000743800000| Untracked 
|  21|0x0000000743900000, 0x0000000743900000, 0x0000000743a00000|  0%| F|  |TAMS 0x0000000743900000, 0x0000000743900000| Untracked 
|  22|0x0000000743a00000, 0x0000000743a00000, 0x0000000743b00000|  0%| F|  |TAMS 0x0000000743a00000, 0x0000000743a00000| Untracked 
|  23|0x0000000743b00000, 0x0000000743b00000, 0x0000000743c00000|  0%| F|  |TAMS 0x0000000743b00000, 0x0000000743b00000| Untracked 
|  24|0x0000000743c00000, 0x0000000743c00000, 0x0000000743d00000|  0%| F|  |TAMS 0x0000000743c00000, 0x0000000743c00000| Untracked 
|  25|0x0000000743d00000, 0x0000000743d00000, 0x0000000743e00000|  0%| F|  |TAMS 0x0000000743d00000, 0x0000000743d00000| Untracked 
|  26|0x0000000743e00000, 0x0000000743e00000, 0x0000000743f00000|  0%| F|  |TAMS 0x0000000743e00000, 0x0000000743e00000| Untracked 
|  27|0x0000000743f00000, 0x0000000743f00000, 0x0000000744000000|  0%| F|  |TAMS 0x0000000743f00000, 0x0000000743f00000| Untracked 
|  28|0x0000000744000000, 0x0000000744000000, 0x0000000744100000|  0%| F|  |TAMS 0x0000000744000000, 0x0000000744000000| Untracked 
|  29|0x0000000744100000, 0x0000000744100000, 0x0000000744200000|  0%| F|  |TAMS 0x0000000744100000, 0x0000000744100000| Untracked 
|  30|0x0000000744200000, 0x0000000744200000, 0x0000000744300000|  0%| F|  |TAMS 0x0000000744200000, 0x0000000744200000| Untracked 
|  31|0x0000000744300000, 0x0000000744300000, 0x0000000744400000|  0%| F|  |TAMS 0x0000000744300000, 0x0000000744300000| Untracked 
|  32|0x0000000744400000, 0x0000000744400000, 0x0000000744500000|  0%| F|  |TAMS 0x0000000744400000, 0x0000000744400000| Untracked 
|  33|0x0000000744500000, 0x0000000744500000, 0x0000000744600000|  0%| F|  |TAMS 0x0000000744500000, 0x0000000744500000| Untracked 
|  34|0x0000000744600000, 0x0000000744600000, 0x0000000744700000|  0%| F|  |TAMS 0x0000000744600000, 0x0000000744600000| Untracked 
|  35|0x0000000744700000, 0x0000000744700000, 0x0000000744800000|  0%| F|  |TAMS 0x0000000744700000, 0x0000000744700000| Untracked 
|  36|0x0000000744800000, 0x0000000744800000, 0x0000000744900000|  0%| F|  |TAMS 0x0000000744800000, 0x0000000744800000| Untracked 
|  37|0x0000000744900000, 0x0000000744900000, 0x0000000744a00000|  0%| F|  |TAMS 0x0000000744900000, 0x0000000744900000| Untracked 
|  38|0x0000000744a00000, 0x0000000744a00000, 0x0000000744b00000|  0%| F|  |TAMS 0x0000000744a00000, 0x0000000744a00000| Untracked 
|  39|0x0000000744b00000, 0x0000000744b00000, 0x0000000744c00000|  0%| F|  |TAMS 0x0000000744b00000, 0x0000000744b00000| Untracked 
|  40|0x0000000744c00000, 0x0000000744c00000, 0x0000000744d00000|  0%| F|  |TAMS 0x0000000744c00000, 0x0000000744c00000| Untracked 
|  41|0x0000000744d00000, 0x0000000744d00000, 0x0000000744e00000|  0%| F|  |TAMS 0x0000000744d00000, 0x0000000744d00000| Untracked 
|  42|0x0000000744e00000, 0x0000000744e00000, 0x0000000744f00000|  0%| F|  |TAMS 0x0000000744e00000, 0x0000000744e00000| Untracked 
|  43|0x0000000744f00000, 0x0000000744f00000, 0x0000000745000000|  0%| F|  |TAMS 0x0000000744f00000, 0x0000000744f00000| Untracked 
|  44|0x0000000745000000, 0x0000000745000000, 0x0000000745100000|  0%| F|  |TAMS 0x0000000745000000, 0x0000000745000000| Untracked 
|  45|0x0000000745100000, 0x0000000745100000, 0x0000000745200000|  0%| F|  |TAMS 0x0000000745100000, 0x0000000745100000| Untracked 
|  46|0x0000000745200000, 0x0000000745200000, 0x0000000745300000|  0%| F|  |TAMS 0x0000000745200000, 0x0000000745200000| Untracked 
|  47|0x0000000745300000, 0x0000000745300000, 0x0000000745400000|  0%| F|  |TAMS 0x0000000745300000, 0x0000000745300000| Untracked 
|  48|0x0000000745400000, 0x0000000745400000, 0x0000000745500000|  0%| F|  |TAMS 0x0000000745400000, 0x0000000745400000| Untracked 
|  49|0x0000000745500000, 0x0000000745500000, 0x0000000745600000|  0%| F|  |TAMS 0x0000000745500000, 0x0000000745500000| Untracked 
|  50|0x0000000745600000, 0x0000000745600000, 0x0000000745700000|  0%| F|  |TAMS 0x0000000745600000, 0x0000000745600000| Untracked 
|  51|0x0000000745700000, 0x0000000745700000, 0x0000000745800000|  0%| F|  |TAMS 0x0000000745700000, 0x0000000745700000| Untracked 
|  52|0x0000000745800000, 0x0000000745800000, 0x0000000745900000|  0%| F|  |TAMS 0x0000000745800000, 0x0000000745800000| Untracked 
|  53|0x0000000745900000, 0x0000000745900000, 0x0000000745a00000|  0%| F|  |TAMS 0x0000000745900000, 0x0000000745900000| Untracked 
|  54|0x0000000745a00000, 0x0000000745a00000, 0x0000000745b00000|  0%| F|  |TAMS 0x0000000745a00000, 0x0000000745a00000| Untracked 
|  55|0x0000000745b00000, 0x0000000745b00000, 0x0000000745c00000|  0%| F|  |TAMS 0x0000000745b00000, 0x0000000745b00000| Untracked 
|  56|0x0000000745c00000, 0x0000000745c00000, 0x0000000745d00000|  0%| F|  |TAMS 0x0000000745c00000, 0x0000000745c00000| Untracked 
|  57|0x0000000745d00000, 0x0000000745d00000, 0x0000000745e00000|  0%| F|  |TAMS 0x0000000745d00000, 0x0000000745d00000| Untracked 
|  58|0x0000000745e00000, 0x0000000745e00000, 0x0000000745f00000|  0%| F|  |TAMS 0x0000000745e00000, 0x0000000745e00000| Untracked 
|  59|0x0000000745f00000, 0x0000000745f00000, 0x0000000746000000|  0%| F|  |TAMS 0x0000000745f00000, 0x0000000745f00000| Untracked 
|  60|0x0000000746000000, 0x0000000746000000, 0x0000000746100000|  0%| F|  |TAMS 0x0000000746000000, 0x0000000746000000| Untracked 
|  61|0x0000000746100000, 0x0000000746100000, 0x0000000746200000|  0%| F|  |TAMS 0x0000000746100000, 0x0000000746100000| Untracked 
|  62|0x0000000746200000, 0x0000000746200000, 0x0000000746300000|  0%| F|  |TAMS 0x0000000746200000, 0x0000000746200000| Untracked 
|  63|0x0000000746300000, 0x0000000746300000, 0x0000000746400000|  0%| F|  |TAMS 0x0000000746300000, 0x0000000746300000| Untracked 
|  64|0x0000000746400000, 0x0000000746400000, 0x0000000746500000|  0%| F|  |TAMS 0x0000000746400000, 0x0000000746400000| Untracked 
|  65|0x0000000746500000, 0x0000000746500000, 0x0000000746600000|  0%| F|  |TAMS 0x0000000746500000, 0x0000000746500000| Untracked 
|  66|0x0000000746600000, 0x0000000746600000, 0x0000000746700000|  0%| F|  |TAMS 0x0000000746600000, 0x0000000746600000| Untracked 
|  67|0x0000000746700000, 0x0000000746700000, 0x0000000746800000|  0%| F|  |TAMS 0x0000000746700000, 0x0000000746700000| Untracked 
|  68|0x0000000746800000, 0x0000000746800000, 0x0000000746900000|  0%| F|  |TAMS 0x0000000746800000, 0x0000000746800000| Untracked 
|  69|0x0000000746900000, 0x0000000746900000, 0x0000000746a00000|  0%| F|  |TAMS 0x0000000746900000, 0x0000000746900000| Untracked 
|  70|0x0000000746a00000, 0x0000000746a00000, 0x0000000746b00000|  0%| F|  |TAMS 0x0000000746a00000, 0x0000000746a00000| Untracked 
|  71|0x0000000746b00000, 0x0000000746b00000, 0x0000000746c00000|  0%| F|  |TAMS 0x0000000746b00000, 0x0000000746b00000| Untracked 
|  72|0x0000000746c00000, 0x0000000746c00000, 0x0000000746d00000|  0%| F|  |TAMS 0x0000000746c00000, 0x0000000746c00000| Untracked 
|  73|0x0000000746d00000, 0x0000000746d00000, 0x0000000746e00000|  0%| F|  |TAMS 0x0000000746d00000, 0x0000000746d00000| Untracked 
|  74|0x0000000746e00000, 0x0000000746e00000, 0x0000000746f00000|  0%| F|  |TAMS 0x0000000746e00000, 0x0000000746e00000| Untracked 
|  75|0x0000000746f00000, 0x0000000746f00000, 0x0000000747000000|  0%| F|  |TAMS 0x0000000746f00000, 0x0000000746f00000| Untracked 
|  76|0x0000000747000000, 0x0000000747000000, 0x0000000747100000|  0%| F|  |TAMS 0x0000000747000000, 0x0000000747000000| Untracked 
|  77|0x0000000747100000, 0x0000000747100000, 0x0000000747200000|  0%| F|  |TAMS 0x0000000747100000, 0x0000000747100000| Untracked 
|  78|0x0000000747200000, 0x0000000747200000, 0x0000000747300000|  0%| F|  |TAMS 0x0000000747200000, 0x0000000747200000| Untracked 
|  79|0x0000000747300000, 0x0000000747300000, 0x0000000747400000|  0%| F|  |TAMS 0x0000000747300000, 0x0000000747300000| Untracked 
|  80|0x0000000747400000, 0x0000000747400000, 0x0000000747500000|  0%| F|  |TAMS 0x0000000747400000, 0x0000000747400000| Untracked 
|  81|0x0000000747500000, 0x0000000747500000, 0x0000000747600000|  0%| F|  |TAMS 0x0000000747500000, 0x0000000747500000| Untracked 
|  82|0x0000000747600000, 0x0000000747600000, 0x0000000747700000|  0%| F|  |TAMS 0x0000000747600000, 0x0000000747600000| Untracked 
|  83|0x0000000747700000, 0x0000000747700000, 0x0000000747800000|  0%| F|  |TAMS 0x0000000747700000, 0x0000000747700000| Untracked 
|  84|0x0000000747800000, 0x0000000747800000, 0x0000000747900000|  0%| F|  |TAMS 0x0000000747800000, 0x0000000747800000| Untracked 
|  85|0x0000000747900000, 0x0000000747900000, 0x0000000747a00000|  0%| F|  |TAMS 0x0000000747900000, 0x0000000747900000| Untracked 
|  86|0x0000000747a00000, 0x0000000747a00000, 0x0000000747b00000|  0%| F|  |TAMS 0x0000000747a00000, 0x0000000747a00000| Untracked 
|  87|0x0000000747b00000, 0x0000000747b00000, 0x0000000747c00000|  0%| F|  |TAMS 0x0000000747b00000, 0x0000000747b00000| Untracked 
|  88|0x0000000747c00000, 0x0000000747c00000, 0x0000000747d00000|  0%| F|  |TAMS 0x0000000747c00000, 0x0000000747c00000| Untracked 
|  89|0x0000000747d00000, 0x0000000747d00000, 0x0000000747e00000|  0%| F|  |TAMS 0x0000000747d00000, 0x0000000747d00000| Untracked 
|  90|0x0000000747e00000, 0x0000000747e00000, 0x0000000747f00000|  0%| F|  |TAMS 0x0000000747e00000, 0x0000000747e00000| Untracked 
|  91|0x0000000747f00000, 0x0000000747f00000, 0x0000000748000000|  0%| F|  |TAMS 0x0000000747f00000, 0x0000000747f00000| Untracked 
|  92|0x0000000748000000, 0x0000000748000000, 0x0000000748100000|  0%| F|  |TAMS 0x0000000748000000, 0x0000000748000000| Untracked 
|  93|0x0000000748100000, 0x0000000748100000, 0x0000000748200000|  0%| F|  |TAMS 0x0000000748100000, 0x0000000748100000| Untracked 
|  94|0x0000000748200000, 0x0000000748200000, 0x0000000748300000|  0%| F|  |TAMS 0x0000000748200000, 0x0000000748200000| Untracked 
|  95|0x0000000748300000, 0x0000000748300000, 0x0000000748400000|  0%| F|  |TAMS 0x0000000748300000, 0x0000000748300000| Untracked 
|  96|0x0000000748400000, 0x0000000748400000, 0x0000000748500000|  0%| F|  |TAMS 0x0000000748400000, 0x0000000748400000| Untracked 
|  97|0x0000000748500000, 0x0000000748500000, 0x0000000748600000|  0%| F|  |TAMS 0x0000000748500000, 0x0000000748500000| Untracked 
|  98|0x0000000748600000, 0x0000000748600000, 0x0000000748700000|  0%| F|  |TAMS 0x0000000748600000, 0x0000000748600000| Untracked 
|  99|0x0000000748700000, 0x0000000748700000, 0x0000000748800000|  0%| F|  |TAMS 0x0000000748700000, 0x0000000748700000| Untracked 
| 100|0x0000000748800000, 0x0000000748800000, 0x0000000748900000|  0%| F|  |TAMS 0x0000000748800000, 0x0000000748800000| Untracked 
| 101|0x0000000748900000, 0x0000000748900000, 0x0000000748a00000|  0%| F|  |TAMS 0x0000000748900000, 0x0000000748900000| Untracked 
| 102|0x0000000748a00000, 0x0000000748a00000, 0x0000000748b00000|  0%| F|  |TAMS 0x0000000748a00000, 0x0000000748a00000| Untracked 
| 103|0x0000000748b00000, 0x0000000748b00000, 0x0000000748c00000|  0%| F|  |TAMS 0x0000000748b00000, 0x0000000748b00000| Untracked 
| 104|0x0000000748c00000, 0x0000000748c00000, 0x0000000748d00000|  0%| F|  |TAMS 0x0000000748c00000, 0x0000000748c00000| Untracked 
| 105|0x0000000748d00000, 0x0000000748d00000, 0x0000000748e00000|  0%| F|  |TAMS 0x0000000748d00000, 0x0000000748d00000| Untracked 
| 106|0x0000000748e00000, 0x0000000748e00000, 0x0000000748f00000|  0%| F|  |TAMS 0x0000000748e00000, 0x0000000748e00000| Untracked 
| 107|0x0000000748f00000, 0x0000000748f00000, 0x0000000749000000|  0%| F|  |TAMS 0x0000000748f00000, 0x0000000748f00000| Untracked 
| 108|0x0000000749000000, 0x0000000749000000, 0x0000000749100000|  0%| F|  |TAMS 0x0000000749000000, 0x0000000749000000| Untracked 
| 109|0x0000000749100000, 0x0000000749100000, 0x0000000749200000|  0%| F|  |TAMS 0x0000000749100000, 0x0000000749100000| Untracked 
| 110|0x0000000749200000, 0x0000000749200000, 0x0000000749300000|  0%| F|  |TAMS 0x0000000749200000, 0x0000000749200000| Untracked 
| 111|0x0000000749300000, 0x0000000749300000, 0x0000000749400000|  0%| F|  |TAMS 0x0000000749300000, 0x0000000749300000| Untracked 
| 112|0x0000000749400000, 0x0000000749400000, 0x0000000749500000|  0%| F|  |TAMS 0x0000000749400000, 0x0000000749400000| Untracked 
| 113|0x0000000749500000, 0x0000000749500000, 0x0000000749600000|  0%| F|  |TAMS 0x0000000749500000, 0x0000000749500000| Untracked 
| 114|0x0000000749600000, 0x0000000749600000, 0x0000000749700000|  0%| F|  |TAMS 0x0000000749600000, 0x0000000749600000| Untracked 
| 115|0x0000000749700000, 0x0000000749700000, 0x0000000749800000|  0%| F|  |TAMS 0x0000000749700000, 0x0000000749700000| Untracked 
| 116|0x0000000749800000, 0x0000000749800000, 0x0000000749900000|  0%| F|  |TAMS 0x0000000749800000, 0x0000000749800000| Untracked 
| 117|0x0000000749900000, 0x0000000749900000, 0x0000000749a00000|  0%| F|  |TAMS 0x0000000749900000, 0x0000000749900000| Untracked 
| 118|0x0000000749a00000, 0x0000000749a00000, 0x0000000749b00000|  0%| F|  |TAMS 0x0000000749a00000, 0x0000000749a00000| Untracked 
| 119|0x0000000749b00000, 0x0000000749b00000, 0x0000000749c00000|  0%| F|  |TAMS 0x0000000749b00000, 0x0000000749b00000| Untracked 
| 120|0x0000000749c00000, 0x0000000749c00000, 0x0000000749d00000|  0%| F|  |TAMS 0x0000000749c00000, 0x0000000749c00000| Untracked 
| 121|0x0000000749d00000, 0x0000000749d00000, 0x0000000749e00000|  0%| F|  |TAMS 0x0000000749d00000, 0x0000000749d00000| Untracked 
| 122|0x0000000749e00000, 0x0000000749e00000, 0x0000000749f00000|  0%| F|  |TAMS 0x0000000749e00000, 0x0000000749e00000| Untracked 
| 123|0x0000000749f00000, 0x0000000749f00000, 0x000000074a000000|  0%| F|  |TAMS 0x0000000749f00000, 0x0000000749f00000| Untracked 
| 124|0x000000074a000000, 0x000000074a000000, 0x000000074a100000|  0%| F|  |TAMS 0x000000074a000000, 0x000000074a000000| Untracked 
| 125|0x000000074a100000, 0x000000074a100000, 0x000000074a200000|  0%| F|  |TAMS 0x000000074a100000, 0x000000074a100000| Untracked 
| 126|0x000000074a200000, 0x000000074a200000, 0x000000074a300000|  0%| F|  |TAMS 0x000000074a200000, 0x000000074a200000| Untracked 
| 127|0x000000074a300000, 0x000000074a300000, 0x000000074a400000|  0%| F|  |TAMS 0x000000074a300000, 0x000000074a300000| Untracked 
| 128|0x000000074a400000, 0x000000074a400000, 0x000000074a500000|  0%| F|  |TAMS 0x000000074a400000, 0x000000074a400000| Untracked 
| 129|0x000000074a500000, 0x000000074a500000, 0x000000074a600000|  0%| F|  |TAMS 0x000000074a500000, 0x000000074a500000| Untracked 
| 130|0x000000074a600000, 0x000000074a600000, 0x000000074a700000|  0%| F|  |TAMS 0x000000074a600000, 0x000000074a600000| Untracked 
| 131|0x000000074a700000, 0x000000074a700000, 0x000000074a800000|  0%| F|  |TAMS 0x000000074a700000, 0x000000074a700000| Untracked 
| 132|0x000000074a800000, 0x000000074a800000, 0x000000074a900000|  0%| F|  |TAMS 0x000000074a800000, 0x000000074a800000| Untracked 
| 133|0x000000074a900000, 0x000000074a900000, 0x000000074aa00000|  0%| F|  |TAMS 0x000000074a900000, 0x000000074a900000| Untracked 
| 134|0x000000074aa00000, 0x000000074aa00000, 0x000000074ab00000|  0%| F|  |TAMS 0x000000074aa00000, 0x000000074aa00000| Untracked 
| 135|0x000000074ab00000, 0x000000074ab00000, 0x000000074ac00000|  0%| F|  |TAMS 0x000000074ab00000, 0x000000074ab00000| Untracked 
| 136|0x000000074ac00000, 0x000000074ac00000, 0x000000074ad00000|  0%| F|  |TAMS 0x000000074ac00000, 0x000000074ac00000| Untracked 
| 137|0x000000074ad00000, 0x000000074ad00000, 0x000000074ae00000|  0%| F|  |TAMS 0x000000074ad00000, 0x000000074ad00000| Untracked 
| 138|0x000000074ae00000, 0x000000074ae00000, 0x000000074af00000|  0%| F|  |TAMS 0x000000074ae00000, 0x000000074ae00000| Untracked 
| 139|0x000000074af00000, 0x000000074af00000, 0x000000074b000000|  0%| F|  |TAMS 0x000000074af00000, 0x000000074af00000| Untracked 
| 140|0x000000074b000000, 0x000000074b000000, 0x000000074b100000|  0%| F|  |TAMS 0x000000074b000000, 0x000000074b000000| Untracked 
| 141|0x000000074b100000, 0x000000074b100000, 0x000000074b200000|  0%| F|  |TAMS 0x000000074b100000, 0x000000074b100000| Untracked 
| 142|0x000000074b200000, 0x000000074b200000, 0x000000074b300000|  0%| F|  |TAMS 0x000000074b200000, 0x000000074b200000| Untracked 
| 143|0x000000074b300000, 0x000000074b300000, 0x000000074b400000|  0%| F|  |TAMS 0x000000074b300000, 0x000000074b300000| Untracked 
| 144|0x000000074b400000, 0x000000074b400000, 0x000000074b500000|  0%| F|  |TAMS 0x000000074b400000, 0x000000074b400000| Untracked 
| 145|0x000000074b500000, 0x000000074b500000, 0x000000074b600000|  0%| F|  |TAMS 0x000000074b500000, 0x000000074b500000| Untracked 
| 146|0x000000074b600000, 0x000000074b600000, 0x000000074b700000|  0%| F|  |TAMS 0x000000074b600000, 0x000000074b600000| Untracked 
| 147|0x000000074b700000, 0x000000074b700000, 0x000000074b800000|  0%| F|  |TAMS 0x000000074b700000, 0x000000074b700000| Untracked 
| 148|0x000000074b800000, 0x000000074b800000, 0x000000074b900000|  0%| F|  |TAMS 0x000000074b800000, 0x000000074b800000| Untracked 
| 149|0x000000074b900000, 0x000000074b900000, 0x000000074ba00000|  0%| F|  |TAMS 0x000000074b900000, 0x000000074b900000| Untracked 
| 150|0x000000074ba00000, 0x000000074ba00000, 0x000000074bb00000|  0%| F|  |TAMS 0x000000074ba00000, 0x000000074ba00000| Untracked 
| 151|0x000000074bb00000, 0x000000074bb00000, 0x000000074bc00000|  0%| F|  |TAMS 0x000000074bb00000, 0x000000074bb00000| Untracked 
| 152|0x000000074bc00000, 0x000000074bc00000, 0x000000074bd00000|  0%| F|  |TAMS 0x000000074bc00000, 0x000000074bc00000| Untracked 
| 153|0x000000074bd00000, 0x000000074bd00000, 0x000000074be00000|  0%| F|  |TAMS 0x000000074bd00000, 0x000000074bd00000| Untracked 
| 154|0x000000074be00000, 0x000000074be00000, 0x000000074bf00000|  0%| F|  |TAMS 0x000000074be00000, 0x000000074be00000| Untracked 
| 155|0x000000074bf00000, 0x000000074bf00000, 0x000000074c000000|  0%| F|  |TAMS 0x000000074bf00000, 0x000000074bf00000| Untracked 
| 156|0x000000074c000000, 0x000000074c000000, 0x000000074c100000|  0%| F|  |TAMS 0x000000074c000000, 0x000000074c000000| Untracked 
| 157|0x000000074c100000, 0x000000074c100000, 0x000000074c200000|  0%| F|  |TAMS 0x000000074c100000, 0x000000074c100000| Untracked 
| 158|0x000000074c200000, 0x000000074c200000, 0x000000074c300000|  0%| F|  |TAMS 0x000000074c200000, 0x000000074c200000| Untracked 
| 159|0x000000074c300000, 0x000000074c300000, 0x000000074c400000|  0%| F|  |TAMS 0x000000074c300000, 0x000000074c300000| Untracked 
| 160|0x000000074c400000, 0x000000074c400000, 0x000000074c500000|  0%| F|  |TAMS 0x000000074c400000, 0x000000074c400000| Untracked 
| 161|0x000000074c500000, 0x000000074c500000, 0x000000074c600000|  0%| F|  |TAMS 0x000000074c500000, 0x000000074c500000| Untracked 
| 162|0x000000074c600000, 0x000000074c600000, 0x000000074c700000|  0%| F|  |TAMS 0x000000074c600000, 0x000000074c600000| Untracked 
| 163|0x000000074c700000, 0x000000074c700000, 0x000000074c800000|  0%| F|  |TAMS 0x000000074c700000, 0x000000074c700000| Untracked 
| 164|0x000000074c800000, 0x000000074c800000, 0x000000074c900000|  0%| F|  |TAMS 0x000000074c800000, 0x000000074c800000| Untracked 
| 165|0x000000074c900000, 0x000000074c900000, 0x000000074ca00000|  0%| F|  |TAMS 0x000000074c900000, 0x000000074c900000| Untracked 
| 166|0x000000074ca00000, 0x000000074ca00000, 0x000000074cb00000|  0%| F|  |TAMS 0x000000074ca00000, 0x000000074ca00000| Untracked 
| 167|0x000000074cb00000, 0x000000074cb00000, 0x000000074cc00000|  0%| F|  |TAMS 0x000000074cb00000, 0x000000074cb00000| Untracked 
| 168|0x000000074cc00000, 0x000000074cc00000, 0x000000074cd00000|  0%| F|  |TAMS 0x000000074cc00000, 0x000000074cc00000| Untracked 
| 169|0x000000074cd00000, 0x000000074cd00000, 0x000000074ce00000|  0%| F|  |TAMS 0x000000074cd00000, 0x000000074cd00000| Untracked 
| 170|0x000000074ce00000, 0x000000074ce00000, 0x000000074cf00000|  0%| F|  |TAMS 0x000000074ce00000, 0x000000074ce00000| Untracked 
| 171|0x000000074cf00000, 0x000000074cf7b658, 0x000000074d000000| 48%| E|  |TAMS 0x000000074cf00000, 0x000000074cf00000| Complete 
| 172|0x000000074d000000, 0x000000074d100000, 0x000000074d100000|100%| E|CS|TAMS 0x000000074d000000, 0x000000074d000000| Complete 
| 173|0x000000074d100000, 0x000000074d200000, 0x000000074d200000|100%| E|CS|TAMS 0x000000074d100000, 0x000000074d100000| Complete 
| 174|0x000000074d200000, 0x000000074d300000, 0x000000074d300000|100%| E|CS|TAMS 0x000000074d200000, 0x000000074d200000| Complete 
| 175|0x000000074d300000, 0x000000074d400000, 0x000000074d400000|100%| E|CS|TAMS 0x000000074d300000, 0x000000074d300000| Complete 
| 176|0x000000074d400000, 0x000000074d500000, 0x000000074d500000|100%| E|CS|TAMS 0x000000074d400000, 0x000000074d400000| Complete 
| 177|0x000000074d500000, 0x000000074d600000, 0x000000074d600000|100%| E|CS|TAMS 0x000000074d500000, 0x000000074d500000| Complete 
| 178|0x000000074d600000, 0x000000074d700000, 0x000000074d700000|100%| E|CS|TAMS 0x000000074d600000, 0x000000074d600000| Complete 
| 179|0x000000074d700000, 0x000000074d800000, 0x000000074d800000|100%| E|CS|TAMS 0x000000074d700000, 0x000000074d700000| Complete 
| 180|0x000000074d800000, 0x000000074d900000, 0x000000074d900000|100%| E|CS|TAMS 0x000000074d800000, 0x000000074d800000| Complete 
| 181|0x000000074d900000, 0x000000074da00000, 0x000000074da00000|100%| E|CS|TAMS 0x000000074d900000, 0x000000074d900000| Complete 
| 182|0x000000074da00000, 0x000000074db00000, 0x000000074db00000|100%| E|CS|TAMS 0x000000074da00000, 0x000000074da00000| Complete 
| 183|0x000000074db00000, 0x000000074dc00000, 0x000000074dc00000|100%| E|CS|TAMS 0x000000074db00000, 0x000000074db00000| Complete 
| 184|0x000000074dc00000, 0x000000074dd00000, 0x000000074dd00000|100%| E|CS|TAMS 0x000000074dc00000, 0x000000074dc00000| Complete 
| 185|0x000000074dd00000, 0x000000074de00000, 0x000000074de00000|100%| E|CS|TAMS 0x000000074dd00000, 0x000000074dd00000| Complete 
| 186|0x000000074de00000, 0x000000074df00000, 0x000000074df00000|100%| E|CS|TAMS 0x000000074de00000, 0x000000074de00000| Complete 
| 187|0x000000074df00000, 0x000000074e000000, 0x000000074e000000|100%| E|CS|TAMS 0x000000074df00000, 0x000000074df00000| Complete 
| 188|0x000000074e000000, 0x000000074e100000, 0x000000074e100000|100%| E|CS|TAMS 0x000000074e000000, 0x000000074e000000| Complete 
| 189|0x000000074e100000, 0x000000074e200000, 0x000000074e200000|100%| E|CS|TAMS 0x000000074e100000, 0x000000074e100000| Complete 

Card table byte_map: [0x00000292b03c0000,0x00000292b09b0000] _byte_map_base: 0x00000292ac9ae000

Marking Bits (Prev, Next): (CMBitMap*) 0x00000292987d97d8, (CMBitMap*) 0x00000292987d9810
 Prev Bits: [0x00000292b0fa0000, 0x00000292b3f10000)
 Next Bits: [0x00000292b3f10000, 0x00000292b6e80000)

Polling page: 0x0000029297f00000

Metaspace:

Usage:
  Non-class:     15.44 MB capacity,    15.23 MB ( 99%) used,   170.80 KB (  1%) free+waste,    49.13 KB ( <1%) overhead. 
      Class:      2.06 MB capacity,     1.84 MB ( 89%) used,   199.85 KB (  9%) free+waste,    26.00 KB (  1%) overhead. 
       Both:     17.50 MB capacity,    17.07 MB ( 98%) used,   370.65 KB (  2%) free+waste,    75.13 KB ( <1%) overhead. 

Virtual space:
  Non-class space:       16.00 MB reserved,      15.50 MB ( 97%) committed 
      Class space:        1.00 GB reserved,       2.13 MB ( <1%) committed 
             Both:        1.02 GB reserved,      17.63 MB (  2%) committed 

Chunk freelists:
   Non-Class:  7.38 KB
       Class:  512 bytes
        Both:  7.88 KB

CodeHeap 'non-profiled nmethods': size=120000Kb used=580Kb max_used=580Kb free=119419Kb
 bounds [0x00000292a8560000, 0x00000292a87d0000, 0x00000292afa90000]
CodeHeap 'profiled nmethods': size=120000Kb used=3236Kb max_used=3236Kb free=116763Kb
 bounds [0x00000292a1030000, 0x00000292a1360000, 0x00000292a8560000]
CodeHeap 'non-nmethods': size=5760Kb used=1230Kb max_used=1244Kb free=4529Kb
 bounds [0x00000292a0a90000, 0x00000292a0d00000, 0x00000292a1030000]
 total_blobs=2536 nmethods=1682 adapters=510
 compilation: enabled
              stopped_count=0, restarted_count=0
 full_count=0

Compilation events (10 events):
Event: 14.780 Thread 0x00000292ba2b1800 1677       3       sun.java2d.SunGraphics2D::drawHiDPIImage (532 bytes)
Event: 14.782 Thread 0x00000292ba2b1800 nmethod 1677 0x00000292a1353f90 code [0x00000292a13545e0, 0x00000292a1356e00]
Event: 14.782 Thread 0x00000292ba2b1800 1679       3       java.awt.image.VolatileImage::getGraphics (5 bytes)
Event: 14.782 Thread 0x00000292ba2b1800 nmethod 1679 0x00000292a1357e90 code [0x00000292a1358040, 0x00000292a1358270]
Event: 14.789 Thread 0x00000292ba2ae800 nmethod 1680% 0x00000292a85f0010 code [0x00000292a85f0200, 0x00000292a85f0c78]
Event: 14.889 Thread 0x00000292ba2b1800 1681       3       java.util.LinkedList::linkFirst (59 bytes)
Event: 14.890 Thread 0x00000292ba2b1800 nmethod 1681 0x00000292a1358310 code [0x00000292a13584e0, 0x00000292a13589d8]
Event: 14.903 Thread 0x00000292ba2b1800 1682       3       sun.awt.SunToolkit::getContainingWindow (24 bytes)
Event: 14.903 Thread 0x00000292ba2b1800 nmethod 1682 0x00000292a1358b10 code [0x00000292a1358ce0, 0x00000292a13591d0]
Event: 14.960 Thread 0x00000292ba2ae800 1683   !   4       sun.awt.PostEventQueue::flush (168 bytes)

GC Heap History (0 events):
No events

Deoptimization events (10 events):
Event: 0.202 Thread 0x0000029298786800 Uncommon trap: reason=unstable_if action=reinterpret pc=0x00000292a856d4f8 method=java.lang.String.isLatin1()Z @ 10 c2
Event: 0.238 Thread 0x0000029298786800 Uncommon trap: reason=unstable_if action=reinterpret pc=0x00000292a856d794 method=java.lang.String.isLatin1()Z @ 10 c2
Event: 0.986 Thread 0x0000029298786800 Uncommon trap: reason=unstable_if action=reinterpret pc=0x00000292a856e7d8 method=java.util.HashMap.putVal(ILjava/lang/Object;Ljava/lang/Object;ZZ)Ljava/lang/Object; @ 181 c2
Event: 0.993 Thread 0x00000292ba2ad800 Uncommon trap: reason=unstable_if action=reinterpret pc=0x00000292a8596bc4 method=jdk.internal.org.objectweb.asm.Frame.execute(IILjdk/internal/org/objectweb/asm/ClassWriter;Ljdk/internal/org/objectweb/asm/Item;)V @ 1 c2
Event: 1.075 Thread 0x00000292ba931000 Uncommon trap: reason=unstable_if action=reinterpret pc=0x00000292a85a1708 method=java.util.HashMap.putVal(ILjava/lang/Object;Ljava/lang/Object;ZZ)Ljava/lang/Object; @ 81 c2
Event: 6.667 Thread 0x00000292ba9de000 Uncommon trap: reason=class_check action=maybe_recompile pc=0x00000292a856a0e8 method=java.lang.String.equals(Ljava/lang/Object;)Z @ 8 c2
Event: 6.667 Thread 0x00000292ba9de000 Uncommon trap: reason=class_check action=maybe_recompile pc=0x00000292a856a0e8 method=java.lang.String.equals(Ljava/lang/Object;)Z @ 8 c2
Event: 6.895 Thread 0x00000292ba9de000 Uncommon trap: reason=class_check action=maybe_recompile pc=0x00000292a856a0e8 method=java.lang.String.equals(Ljava/lang/Object;)Z @ 8 c2
Event: 6.896 Thread 0x00000292ba9de000 Uncommon trap: reason=class_check action=maybe_recompile pc=0x00000292a856a0e8 method=java.lang.String.equals(Ljava/lang/Object;)Z @ 8 c2
Event: 10.735 Thread 0x00000292ba9de000 Uncommon trap: reason=unstable_if action=reinterpret pc=0x00000292a85be4b8 method=java.awt.Component.inside(II)Z @ 13 c2

Classes redefined (0 events):
No events

Internal exceptions (10 events):
Event: 0.722 Thread 0x0000029298786800 Exception <a 'java/lang/NoSuchMethodError'{0x000000074db75928}: java.lang.invoke.DirectMethodHandle$Holder.invokeStatic(Ljava/lang/Object;ILjava/lang/Object;Ljava/lang/Object;Ljava/lang/Object;)Ljava/lang/Object;> (0x000000074db75928) thrown at [t:/worksp
Event: 0.723 Thread 0x0000029298786800 Exception <a 'java/lang/NoSuchMethodError'{0x000000074db79468}: java.lang.invoke.DirectMethodHandle$Holder.invokeSpecial(Ljava/lang/Object;Ljava/lang/Object;ILjava/lang/Object;Ljava/lang/Object;Ljava/lang/Object;)Ljava/lang/Object;> (0x000000074db79468) t
Event: 0.772 Thread 0x0000029298786800 Exception <a 'java/lang/ClassNotFoundException'{0x000000074da40950}: com/sun/swing/internal/plaf/metal/resources/spi/metalProvider> (0x000000074da40950) thrown at [t:/workspace/open/src/hotspot/share/classfile/systemDictionary.cpp, line 231]
Event: 0.776 Thread 0x0000029298786800 Exception <a 'java/lang/ClassNotFoundException'{0x000000074da44f88}: com/sun/swing/internal/plaf/basic/resources/spi/basicProvider> (0x000000074da44f88) thrown at [t:/workspace/open/src/hotspot/share/classfile/systemDictionary.cpp, line 231]
Event: 1.011 Thread 0x0000029298786800 Exception <a 'java/lang/NoSuchMethodError'{0x000000074d858578}: java.lang.invoke.DirectMethodHandle$Holder.invokeStatic(Ljava/lang/Object;Ljava/lang/Object;Ljava/lang/Object;Ljava/lang/Object;Ljava/lang/Object;Ljava/lang/Object;Ljava/lang/Object;Ljava/lan
Event: 1.014 Thread 0x0000029298786800 Exception <a 'java/lang/NoSuchMethodError'{0x000000074d8764f8}: java.lang.invoke.DirectMethodHandle$Holder.invokeStatic(Ljava/lang/Object;Ljava/lang/Object;Ljava/lang/Object;Ljava/lang/Object;Ljava/lang/Object;Ljava/lang/Object;Ljava/lang/Object;Ljava/lan
Event: 1.016 Thread 0x0000029298786800 Exception <a 'java/lang/NoSuchMethodError'{0x000000074d711c90}: java.lang.invoke.DirectMethodHandle$Holder.invokeStatic(Ljava/lang/Object;Ljava/lang/Object;Ljava/lang/Object;Ljava/lang/Object;Ljava/lang/Object;Ljava/lang/Object;Ljava/lang/Object;Ljava/lan
Event: 1.017 Thread 0x0000029298786800 Exception <a 'java/lang/NoSuchMethodError'{0x000000074d7320a0}: java.lang.invoke.DirectMethodHandle$Holder.invokeStatic(Ljava/lang/Object;Ljava/lang/Object;Ljava/lang/Object;Ljava/lang/Object;Ljava/lang/Object;Ljava/lang/Object;Ljava/lang/Object;Ljava/lan
Event: 1.121 Thread 0x0000029298786800 Exception <a 'java/lang/NoSuchMethodError'{0x000000074d6048a0}: java.lang.invoke.DirectMethodHandle$Holder.invokeStaticInit(Ljava/lang/Object;)V> (0x000000074d6048a0) thrown at [t:/workspace/open/src/hotspot/share/interpreter/linkResolver.cpp, line 772]
Event: 1.133 Thread 0x0000029298786800 Exception <a 'java/lang/NoSuchMethodError'{0x000000074d653110}: java.lang.invoke.Invokers$Holder.linkToTargetMethod(Ljava/lang/Object;ILjava/lang/Object;)Ljava/lang/Object;> (0x000000074d653110) thrown at [t:/workspace/open/src/hotspot/share/interpreter/l

Events (10 events):
Event: 12.520 Thread 0x00000292ba9de000 DEOPT PACKING pc=0x00000292a12d1c7c sp=0x000000e41c7f3390
Event: 12.520 Thread 0x00000292ba9de000 DEOPT UNPACKING pc=0x00000292a0ab8fce sp=0x000000e41c7f2888 mode 0
Event: 12.521 loading class sun/awt/image/BufImgSurfaceManager
Event: 12.521 loading class sun/awt/image/BufImgSurfaceManager done
Event: 13.525 loading class java/awt/Window$1DisposeAction
Event: 13.525 loading class java/awt/Window$1DisposeAction done
Event: 13.526 loading class java/awt/LightweightDispatcher$2
Event: 13.526 loading class java/awt/LightweightDispatcher$2 done
Event: 13.526 loading class bg/baradvance/models/Order
Event: 13.526 loading class bg/baradvance/models/Order done


Dynamic libraries:
0x00007ff629310000 - 0x00007ff629355000 	C:\Program Files\Java\jdk-11\bin\java.exe
0x00007ffadd8a0000 - 0x00007ffadda90000 	C:\Windows\SYSTEM32\ntdll.dll
0x00007ffadcd30000 - 0x00007ffadcde2000 	C:\Windows\System32\KERNEL32.DLL
0x00007ffada970000 - 0x00007ffadac13000 	C:\Windows\System32\KERNELBASE.dll
0x00007ffadd640000 - 0x00007ffadd7d4000 	C:\Windows\System32\USER32.dll
0x00007ffadac80000 - 0x00007ffadaca1000 	C:\Windows\System32\win32u.dll
0x00007ffadc520000 - 0x00007ffadc546000 	C:\Windows\System32\GDI32.dll
0x00007ffadb460000 - 0x00007ffadb5f4000 	C:\Windows\System32\gdi32full.dll
0x00007ffada8d0000 - 0x00007ffada96e000 	C:\Windows\System32\msvcp_win.dll
0x00007ffadb6b0000 - 0x00007ffadb7aa000 	C:\Windows\System32\ucrtbase.dll
0x00007ffac6d70000 - 0x00007ffac6ff5000 	C:\Windows\WinSxS\amd64_microsoft.windows.common-controls_6595b64144ccf1df_6.0.18362.720_none_e6beb5c51314836b\COMCTL32.dll
0x00007ffadbc10000 - 0x00007ffadbcae000 	C:\Windows\System32\msvcrt.dll
0x00007ffadd160000 - 0x00007ffadd496000 	C:\Windows\System32\combase.dll
0x00007ffadc400000 - 0x00007ffadc520000 	C:\Windows\System32\RPCRT4.dll
0x00007ffada830000 - 0x00007ffada8b0000 	C:\Windows\System32\bcryptPrimitives.dll
0x00007ffadcce0000 - 0x00007ffadcd0e000 	C:\Windows\System32\IMM32.DLL
0x00007ffacc050000 - 0x00007ffacc066000 	C:\Program Files\Java\jdk-11\bin\vcruntime140.dll
0x00007ffaaac00000 - 0x00007ffaaacaa000 	C:\Program Files\Java\jdk-11\bin\msvcp140.dll
0x00007ffa82810000 - 0x00007ffa83351000 	C:\Program Files\Java\jdk-11\bin\server\jvm.dll
0x00007ffadb9b0000 - 0x00007ffadba53000 	C:\Windows\System32\ADVAPI32.dll
0x00007ffadbcb0000 - 0x00007ffadbd47000 	C:\Windows\System32\sechost.dll
0x00007ffadc3f0000 - 0x00007ffadc3f8000 	C:\Windows\System32\PSAPI.DLL
0x00007ffad6690000 - 0x00007ffad6699000 	C:\Windows\SYSTEM32\WSOCK32.dll
0x00007ffad8800000 - 0x00007ffad8824000 	C:\Windows\SYSTEM32\WINMM.dll
0x00007ffad5a50000 - 0x00007ffad5a5a000 	C:\Windows\SYSTEM32\VERSION.dll
0x00007ffadd570000 - 0x00007ffadd5df000 	C:\Windows\System32\WS2_32.dll
0x00007ffad86a0000 - 0x00007ffad86cd000 	C:\Windows\SYSTEM32\winmmbase.dll
0x00007ffadb900000 - 0x00007ffadb94a000 	C:\Windows\System32\cfgmgr32.dll
0x00007ffada770000 - 0x00007ffada781000 	C:\Windows\System32\kernel.appcore.dll
0x00007ffacbb70000 - 0x00007ffacbb81000 	C:\Program Files\Java\jdk-11\bin\verify.dll
0x00007ffad5c70000 - 0x00007ffad5e64000 	C:\Windows\SYSTEM32\DBGHELP.DLL
0x00007ffacc730000 - 0x00007ffacc75a000 	C:\Windows\SYSTEM32\dbgcore.DLL
0x00007ffac65d0000 - 0x00007ffac65f8000 	C:\Program Files\Java\jdk-11\bin\java.dll
0x00007ffac5d00000 - 0x00007ffac5d2f000 	C:\Program Files\Java\jdk-11\bin\instrument.dll
0x00007ffaca280000 - 0x00007ffaca296000 	C:\Program Files\Java\jdk-11\bin\zip.dll
0x00007ffacc6a0000 - 0x00007ffacc6aa000 	C:\Program Files\Java\jdk-11\bin\jimage.dll
0x00007ffadc550000 - 0x00007ffadcc35000 	C:\Windows\System32\SHELL32.dll
0x00007ffadcfa0000 - 0x00007ffadd049000 	C:\Windows\System32\shcore.dll
0x00007ffadace0000 - 0x00007ffadb460000 	C:\Windows\System32\windows.storage.dll
0x00007ffada7e0000 - 0x00007ffada803000 	C:\Windows\System32\profapi.dll
0x00007ffada790000 - 0x00007ffada7da000 	C:\Windows\System32\powrprof.dll
0x00007ffada760000 - 0x00007ffada770000 	C:\Windows\System32\UMPDC.dll
0x00007ffadd050000 - 0x00007ffadd0a2000 	C:\Windows\System32\shlwapi.dll
0x00007ffada8b0000 - 0x00007ffada8c7000 	C:\Windows\System32\cryptsp.dll
0x00007ffac64d0000 - 0x00007ffac64e9000 	C:\Program Files\Java\jdk-11\bin\net.dll
0x00007ffad6780000 - 0x00007ffad6871000 	C:\Windows\SYSTEM32\WINHTTP.dll
0x00007ffad9f70000 - 0x00007ffad9fd7000 	C:\Windows\system32\mswsock.dll
0x00007ffac64b0000 - 0x00007ffac64c3000 	C:\Program Files\Java\jdk-11\bin\nio.dll
0x00007ffacc780000 - 0x00007ffacc79a000 	C:\Program Files\JetBrains\IntelliJ IDEA 2019.3.3\bin\breakgen64.dll
0x00007ffa9cb80000 - 0x00007ffa9cd1e000 	C:\Program Files\Java\jdk-11\bin\awt.dll
0x00007ffadd4a0000 - 0x00007ffadd564000 	C:\Windows\System32\OLEAUT32.dll
0x00007ffad72e0000 - 0x00007ffad78a0000 	C:\Windows\SYSTEM32\d2d1.dll
0x00007ffad89a0000 - 0x00007ffad8a2f000 	C:\Windows\SYSTEM32\apphelp.dll
0x00007ffad8fd0000 - 0x00007ffad8ffd000 	C:\Windows\system32\DWMAPI.DLL
0x00007ffad8aa0000 - 0x00007ffad8b39000 	C:\Windows\system32\uxtheme.dll
0x00007ffaadf80000 - 0x00007ffaae0d6000 	C:\Windows\system32\opengl32.dll
0x00007ffaad6d0000 - 0x00007ffaad6fc000 	C:\Windows\SYSTEM32\GLU32.dll
0x00007ffad9420000 - 0x00007ffad9440000 	C:\Windows\SYSTEM32\dxcore.dll
0x00007ffadce60000 - 0x00007ffadcf96000 	C:\Windows\System32\MSCTF.dll
0x00007ffadc1c0000 - 0x00007ffadc317000 	C:\Windows\System32\ole32.dll
0x00007ffabed30000 - 0x00007ffabedb0000 	C:\Program Files\Java\jdk-11\bin\freetype.dll
0x00007ffabf5a0000 - 0x00007ffabf60f000 	C:\Program Files\Java\jdk-11\bin\fontmanager.dll
0x00007ffadd0b0000 - 0x00007ffadd152000 	C:\Windows\System32\clbcatq.dll
0x00007ffad38f0000 - 0x00007ffad3a9f000 	C:\Windows\SYSTEM32\WindowsCodecs.dll
0x00007ffaae700000 - 0x00007ffaae73a000 	C:\Windows\system32\dataexchange.dll
0x00007ffad7970000 - 0x00007ffad7bcb000 	C:\Windows\system32\d3d11.dll
0x00007ffad8040000 - 0x00007ffad821b000 	C:\Windows\system32\dcomp.dll
0x00007ffad9440000 - 0x00007ffad952b000 	C:\Windows\system32\dxgi.dll
0x00007ffad8b40000 - 0x00007ffad8d9a000 	C:\Windows\system32\twinapi.appcore.dll
0x00007ffad8ec0000 - 0x00007ffad8ee9000 	C:\Windows\system32\RMCLIENT.dll
0x00007ffac57f0000 - 0x00007ffac588e000 	C:\Windows\System32\TextInputFramework.dll
0x00007ffad4000000 - 0x00007ffad432a000 	C:\Windows\System32\CoreUIComponents.dll
0x00007ffad85c0000 - 0x00007ffad8694000 	C:\Windows\System32\CoreMessaging.dll
0x00007ffad64b0000 - 0x00007ffad6603000 	C:\Windows\SYSTEM32\wintypes.dll
0x00007ffad97a0000 - 0x00007ffad97d1000 	C:\Windows\SYSTEM32\ntmarta.dll
0x00007ffac9590000 - 0x00007ffac9836000 	C:\Windows\System32\iertutil.dll

dbghelp: loaded successfully - version: 4.0.5 - missing functions: none
symbol engine: initialized successfully - sym options: 0x614 - pdb path: .;C:\Program Files\Java\jdk-11\bin;C:\Windows\SYSTEM32;C:\Windows\WinSxS\amd64_microsoft.windows.common-controls_6595b64144ccf1df_6.0.18362.720_none_e6beb5c51314836b;C:\Program Files\Java\jdk-11\bin\server;C:\Program Files\JetBrains\IntelliJ IDEA 2019.3.3\bin

VM Arguments:
jvm_args: -javaagent:C:\Program Files\JetBrains\IntelliJ IDEA 2019.3.3\lib\idea_rt.jar=9921:C:\Program Files\JetBrains\IntelliJ IDEA 2019.3.3\bin -Dfile.encoding=UTF-8 
java_command: bg.baradvance.Main
java_class_path (initial): D:\AdvanceAcademyHomework\BarAdvanceAcademy\out\production\BarAdvanceAcademy;D:\AdvanceAcademyHomework\BarAdvanceAcademy\lib\miglayout-swing.jar;D:\AdvanceAcademyHomework\BarAdvanceAcademy\lib\miglayout-core.jar
Launcher Type: SUN_STANDARD

[Global flags]
     intx CICompilerCount                          = 4                                         {product} {ergonomic}
     uint ConcGCThreads                            = 2                                         {product} {ergonomic}
     uint G1ConcRefinementThreads                  = 8                                         {product} {ergonomic}
   size_t G1HeapRegionSize                         = 1048576                                   {product} {ergonomic}
    uintx GCDrainStackTargetSize                   = 64                                        {product} {ergonomic}
   size_t InitialHeapSize                          = 199229440                                 {product} {ergonomic}
   size_t MarkStackSize                            = 4194304                                   {product} {ergonomic}
   size_t MaxHeapSize                              = 3183476736                                {product} {ergonomic}
   size_t MaxNewSize                               = 1909456896                                {product} {ergonomic}
   size_t MinHeapDeltaBytes                        = 1048576                                   {product} {ergonomic}
    uintx NonNMethodCodeHeapSize                   = 5835340                                {pd product} {ergonomic}
    uintx NonProfiledCodeHeapSize                  = 122911450                              {pd product} {ergonomic}
    uintx ProfiledCodeHeapSize                     = 122911450                              {pd product} {ergonomic}
    uintx ReservedCodeCacheSize                    = 251658240                              {pd product} {ergonomic}
     bool SegmentedCodeCache                       = true                                      {product} {ergonomic}
     bool UseCompressedClassPointers               = true                                 {lp64_product} {ergonomic}
     bool UseCompressedOops                        = true                                 {lp64_product} {ergonomic}
     bool UseG1GC                                  = true                                      {product} {ergonomic}
     bool UseLargePagesIndividualAllocation        = false                                  {pd product} {ergonomic}

Logging:
Log output configuration:
 #0: stdout all=warning uptime,level,tags
 #1: stderr all=off uptime,level,tags

Environment Variables:
PATH=C:\Program Files (x86)\Common Files\Oracle\Java\javapath;C:\Windows\system32;C:\Windows;C:\Windows\System32\Wbem;C:\Windows\System32\WindowsPowerShell\v1.0\;C:\Windows\System32\OpenSSH\;C:\Program Files (x86)\NVIDIA Corporation\PhysX\Common;C:\Program Files\Java\jdk-11\bin;C:\Program Files\Microsoft SQL Server\130\Tools\Binn\;C:\Program Files\Microsoft SQL Server\Client SDK\ODBC\170\Tools\Binn\;C:\Program Files (x86)\Microsoft SQL Server\150\DTS\Binn\;C:\Program Files\dotnet\;C:\Program Files\Git\cmd;C:\Program Files\TortoiseGit\bin;C:\Users\Ginka\AppData\Local\Microsoft\WindowsApps;C:\Program Files\Java\jdk-11\bin;;C:\Program Files\JetBrains\DataGrip 2019.3.3\bin;
USERNAME=Ginka
OS=Windows_NT
PROCESSOR_IDENTIFIER=Intel64 Family 6 Model 142 Stepping 11, GenuineIntel



---------------  S Y S T E M  ---------------

OS: Windows 10 , 64 bit Build 18362 (10.0.18362.329)

CPU:total 8 (initial active 8) (4 cores per cpu, 2 threads per core) family 6 model 142 stepping 11, cmov, cx8, fxsr, mmx, sse, sse2, sse3, ssse3, sse4.1, sse4.2, popcnt, avx, avx2, aes, clmul, erms, 3dnowpref, lzcnt, ht, tsc, tscinvbit, bmi1, bmi2, adx, fma

Memory: 4k page, system-wide physical 12138M (701M free)
TotalPageFile size 14551M (AvailPageFile size 4M)
current process WorkingSet (physical memory assigned to process): 99M, peak: 99M
current process commit charge ("private bytes"): 302M, peak: 302M

vm_info: OpenJDK 64-Bit Server VM (11+28) for windows-amd64 JRE (11+28), built on Aug 23 2018 03:04:58 by "mach5one" with MS VC++ 15.5 (VS2017)

END.
